deleted
{ Error: Cannot find module '../build/Release/bson'
    at Function.Module._resolveFilename (module.js:489:15)
    at Function.Module._load (module.js:439:25)
    at Module.require (module.js:517:17)
    at require (internal/module.js:11:18)
    at Object.<anonymous> (/home/ec2-user/apps/wigwamer/node_modules/bson/ext/index.js:15:10)
    at Module._compile (module.js:573:30)
    at Object.Module._extensions..js (module.js:584:10)
    at Module.load (module.js:507:32)
    at tryModuleLoad (module.js:470:12)
    at Function.Module._load (module.js:462:3) code: 'MODULE_NOT_FOUND' }
js-bson: Failed to load c++ bson extension, using pure JS version
Magic happens on port 8080
sh: line 1:  3551 Killed                  node server.js
npm ERR! code ELIFECYCLE
npm ERR! errno 137
npm ERR! starter-node-angular@ start: `> nohup.out; echo 'deleted'; node server.js`
npm ERR! Exit status 137
npm ERR! 
npm ERR! Failed at the starter-node-angular@ start script.
npm ERR! This is probably not a problem with npm. There is likely additional logging output above.

npm ERR! A complete log of this run can be found in:
npm ERR!     /home/ec2-user/.npm/_logs/2017-09-15T14_45_58_940Z-debug.log
[33m[nodemon] 1.12.1[39m
[33m[nodemon] to restart at any time, enter `rs`[39m
[33m[nodemon] watching: *.*[39m
[32m[nodemon] starting `node server.js`[39m
{ Error: Cannot find module '../build/Release/bson'
    at Function.Module._resolveFilename (module.js:489:15)
    at Function.Module._load (module.js:439:25)
    at Module.require (module.js:517:17)
    at require (internal/module.js:11:18)
    at Object.<anonymous> (/home/ec2-user/apps/wigwamer/node_modules/bson/ext/index.js:15:10)
    at Module._compile (module.js:573:30)
    at Object.Module._extensions..js (module.js:584:10)
    at Module.load (module.js:507:32)
    at tryModuleLoad (module.js:470:12)
    at Function.Module._load (module.js:462:3) code: 'MODULE_NOT_FOUND' }
js-bson: Failed to load c++ bson extension, using pure JS version
Magic happens on port 8080
[32m[nodemon] restarting due to changes...[39m
[32m[nodemon] starting `node server.js`[39m
{ Error: Cannot find module '../build/Release/bson'
    at Function.Module._resolveFilename (module.js:489:15)
    at Function.Module._load (module.js:439:25)
    at Module.require (module.js:517:17)
    at require (internal/module.js:11:18)
    at Object.<anonymous> (/home/ec2-user/apps/wigwamer/node_modules/bson/ext/index.js:15:10)
    at Module._compile (module.js:573:30)
    at Object.Module._extensions..js (module.js:584:10)
    at Module.load (module.js:507:32)
    at tryModuleLoad (module.js:470:12)
    at Function.Module._load (module.js:462:3) code: 'MODULE_NOT_FOUND' }
js-bson: Failed to load c++ bson extension, using pure JS version
Magic happens on port 8080
[32m[nodemon] restarting due to changes...[39m
[32m[nodemon] starting `node server.js`[39m
{ Error: Cannot find module '../build/Release/bson'
    at Function.Module._resolveFilename (module.js:489:15)
    at Function.Module._load (module.js:439:25)
    at Module.require (module.js:517:17)
    at require (internal/module.js:11:18)
    at Object.<anonymous> (/home/ec2-user/apps/wigwamer/node_modules/bson/ext/index.js:15:10)
    at Module._compile (module.js:573:30)
    at Object.Module._extensions..js (module.js:584:10)
    at Module.load (module.js:507:32)
    at tryModuleLoad (module.js:470:12)
    at Function.Module._load (module.js:462:3) code: 'MODULE_NOT_FOUND' }
js-bson: Failed to load c++ bson extension, using pure JS version
Magic happens on port 8080
[32m[nodemon] restarting due to changes...[39m
[32m[nodemon] restarting due to changes...[39m
[32m[nodemon] starting `node server.js`[39m
{ Error: Cannot find module '../build/Release/bson'
    at Function.Module._resolveFilename (module.js:489:15)
    at Function.Module._load (module.js:439:25)
    at Module.require (module.js:517:17)
    at require (internal/module.js:11:18)
    at Object.<anonymous> (/home/ec2-user/apps/wigwamer/node_modules/bson/ext/index.js:15:10)
    at Module._compile (module.js:573:30)
    at Object.Module._extensions..js (module.js:584:10)
    at Module.load (module.js:507:32)
    at tryModuleLoad (module.js:470:12)
    at Function.Module._load (module.js:462:3) code: 'MODULE_NOT_FOUND' }
js-bson: Failed to load c++ bson extension, using pure JS version
Magic happens on port 8080
[32m[nodemon] restarting due to changes...[39m
[32m[nodemon] starting `node server.js`[39m
[32m[nodemon] restarting due to changes...[39m
[32m[nodemon] starting `node server.js`[39m
{ Error: Cannot find module '../build/Release/bson'
    at Function.Module._resolveFilename (module.js:489:15)
    at Function.Module._load (module.js:439:25)
    at Module.require (module.js:517:17)
    at require (internal/module.js:11:18)
    at Object.<anonymous> (/home/ec2-user/apps/wigwamer/node_modules/bson/ext/index.js:15:10)
    at Module._compile (module.js:573:30)
    at Object.Module._extensions..js (module.js:584:10)
    at Module.load (module.js:507:32)
    at tryModuleLoad (module.js:470:12)
    at Function.Module._load (module.js:462:3) code: 'MODULE_NOT_FOUND' }
js-bson: Failed to load c++ bson extension, using pure JS version
Magic happens on port 8080
[32m[nodemon] restarting due to changes...[39m
[32m[nodemon] starting `node server.js`[39m
[32m[nodemon] restarting due to changes...[39m
[32m[nodemon] starting `node server.js`[39m
{ Error: Cannot find module '../build/Release/bson'
    at Function.Module._resolveFilename (module.js:489:15)
    at Function.Module._load (module.js:439:25)
    at Module.require (module.js:517:17)
    at require (internal/module.js:11:18)
    at Object.<anonymous> (/home/ec2-user/apps/wigwamer/node_modules/bson/ext/index.js:15:10)
    at Module._compile (module.js:573:30)
    at Object.Module._extensions..js (module.js:584:10)
    at Module.load (module.js:507:32)
    at tryModuleLoad (module.js:470:12)
    at Function.Module._load (module.js:462:3) code: 'MODULE_NOT_FOUND' }
js-bson: Failed to load c++ bson extension, using pure JS version
Magic happens on port 8080
[32m[nodemon] restarting due to changes...[39m
[32m[nodemon] starting `node server.js`[39m
[32m[nodemon] restarting due to changes...[39m
[32m[nodemon] starting `node server.js`[39m
{ Error: Cannot find module '../build/Release/bson'
    at Function.Module._resolveFilename (module.js:489:15)
    at Function.Module._load (module.js:439:25)
    at Module.require (module.js:517:17)
    at require (internal/module.js:11:18)
    at Object.<anonymous> (/home/ec2-user/apps/wigwamer/node_modules/bson/ext/index.js:15:10)
    at Module._compile (module.js:573:30)
    at Object.Module._extensions..js (module.js:584:10)
    at Module.load (module.js:507:32)
    at tryModuleLoad (module.js:470:12)
    at Function.Module._load (module.js:462:3) code: 'MODULE_NOT_FOUND' }
js-bson: Failed to load c++ bson extension, using pure JS version
Magic happens on port 8080
[32m[nodemon] restarting due to changes...[39m
[32m[nodemon] starting `node server.js`[39m
{ Error: Cannot find module '../build/Release/bson'
    at Function.Module._resolveFilename (module.js:489:15)
    at Function.Module._load (module.js:439:25)
    at Module.require (module.js:517:17)
    at require (internal/module.js:11:18)
    at Object.<anonymous> (/home/ec2-user/apps/wigwamer/node_modules/bson/ext/index.js:15:10)
    at Module._compile (module.js:573:30)
    at Object.Module._extensions..js (module.js:584:10)
    at Module.load (module.js:507:32)
    at tryModuleLoad (module.js:470:12)
    at Function.Module._load (module.js:462:3) code: 'MODULE_NOT_FOUND' }
js-bson: Failed to load c++ bson extension, using pure JS version
Magic happens on port 8080
[32m[nodemon] restarting due to changes...[39m
[32m[nodemon] starting `node server.js`[39m
{ Error: Cannot find module '../build/Release/bson'
    at Function.Module._resolveFilename (module.js:489:15)
    at Function.Module._load (module.js:439:25)
    at Module.require (module.js:517:17)
    at require (internal/module.js:11:18)
    at Object.<anonymous> (/home/ec2-user/apps/wigwamer/node_modules/bson/ext/index.js:15:10)
    at Module._compile (module.js:573:30)
    at Object.Module._extensions..js (module.js:584:10)
    at Module.load (module.js:507:32)
    at tryModuleLoad (module.js:470:12)
    at Function.Module._load (module.js:462:3) code: 'MODULE_NOT_FOUND' }
js-bson: Failed to load c++ bson extension, using pure JS version
Magic happens on port 8080
[32m[nodemon] restarting due to changes...[39m
[32m[nodemon] starting `node server.js`[39m
{ Error: Cannot find module '../build/Release/bson'
    at Function.Module._resolveFilename (module.js:489:15)
    at Function.Module._load (module.js:439:25)
    at Module.require (module.js:517:17)
    at require (internal/module.js:11:18)
    at Object.<anonymous> (/home/ec2-user/apps/wigwamer/node_modules/bson/ext/index.js:15:10)
    at Module._compile (module.js:573:30)
    at Object.Module._extensions..js (module.js:584:10)
    at Module.load (module.js:507:32)
    at tryModuleLoad (module.js:470:12)
    at Function.Module._load (module.js:462:3) code: 'MODULE_NOT_FOUND' }
js-bson: Failed to load c++ bson extension, using pure JS version
Magic happens on port 8080
[32m[nodemon] restarting due to changes...[39m
[32m[nodemon] starting `node server.js`[39m
{ Error: Cannot find module '../build/Release/bson'
    at Function.Module._resolveFilename (module.js:489:15)
    at Function.Module._load (module.js:439:25)
    at Module.require (module.js:517:17)
    at require (internal/module.js:11:18)
    at Object.<anonymous> (/home/ec2-user/apps/wigwamer/node_modules/bson/ext/index.js:15:10)
    at Module._compile (module.js:573:30)
    at Object.Module._extensions..js (module.js:584:10)
    at Module.load (module.js:507:32)
    at tryModuleLoad (module.js:470:12)
    at Function.Module._load (module.js:462:3) code: 'MODULE_NOT_FOUND' }
js-bson: Failed to load c++ bson extension, using pure JS version
Magic happens on port 8080
[32m[nodemon] restarting due to changes...[39m
[32m[nodemon] starting `node server.js`[39m
{ Error: Cannot find module '../build/Release/bson'
    at Function.Module._resolveFilename (module.js:489:15)
    at Function.Module._load (module.js:439:25)
    at Module.require (module.js:517:17)
    at require (internal/module.js:11:18)
    at Object.<anonymous> (/home/ec2-user/apps/wigwamer/node_modules/bson/ext/index.js:15:10)
    at Module._compile (module.js:573:30)
    at Object.Module._extensions..js (module.js:584:10)
    at Module.load (module.js:507:32)
    at tryModuleLoad (module.js:470:12)
    at Function.Module._load (module.js:462:3) code: 'MODULE_NOT_FOUND' }
js-bson: Failed to load c++ bson extension, using pure JS version
Magic happens on port 8080
[32m[nodemon] restarting due to changes...[39m
[32m[nodemon] starting `node server.js`[39m
{ Error: Cannot find module '../build/Release/bson'
    at Function.Module._resolveFilename (module.js:489:15)
    at Function.Module._load (module.js:439:25)
    at Module.require (module.js:517:17)
    at require (internal/module.js:11:18)
    at Object.<anonymous> (/home/ec2-user/apps/wigwamer/node_modules/bson/ext/index.js:15:10)
    at Module._compile (module.js:573:30)
    at Object.Module._extensions..js (module.js:584:10)
    at Module.load (module.js:507:32)
    at tryModuleLoad (module.js:470:12)
    at Function.Module._load (module.js:462:3) code: 'MODULE_NOT_FOUND' }
js-bson: Failed to load c++ bson extension, using pure JS version
Magic happens on port 8080
[32m[nodemon] restarting due to changes...[39m
[32m[nodemon] starting `node server.js`[39m
{ Error: Cannot find module '../build/Release/bson'
    at Function.Module._resolveFilename (module.js:489:15)
    at Function.Module._load (module.js:439:25)
    at Module.require (module.js:517:17)
    at require (internal/module.js:11:18)
    at Object.<anonymous> (/home/ec2-user/apps/wigwamer/node_modules/bson/ext/index.js:15:10)
    at Module._compile (module.js:573:30)
    at Object.Module._extensions..js (module.js:584:10)
    at Module.load (module.js:507:32)
    at tryModuleLoad (module.js:470:12)
    at Function.Module._load (module.js:462:3) code: 'MODULE_NOT_FOUND' }
js-bson: Failed to load c++ bson extension, using pure JS version
Magic happens on port 8080
[32m[nodemon] restarting due to changes...[39m
[32m[nodemon] starting `node server.js`[39m
{ Error: Cannot find module '../build/Release/bson'
    at Function.Module._resolveFilename (module.js:489:15)
    at Function.Module._load (module.js:439:25)
    at Module.require (module.js:517:17)
    at require (internal/module.js:11:18)
    at Object.<anonymous> (/home/ec2-user/apps/wigwamer/node_modules/bson/ext/index.js:15:10)
    at Module._compile (module.js:573:30)
    at Object.Module._extensions..js (module.js:584:10)
    at Module.load (module.js:507:32)
    at tryModuleLoad (module.js:470:12)
    at Function.Module._load (module.js:462:3) code: 'MODULE_NOT_FOUND' }
js-bson: Failed to load c++ bson extension, using pure JS version
Magic happens on port 8080
[32m[nodemon] restarting due to changes...[39m
[32m[nodemon] starting `node server.js`[39m
{ Error: Cannot find module '../build/Release/bson'
    at Function.Module._resolveFilename (module.js:489:15)
    at Function.Module._load (module.js:439:25)
    at Module.require (module.js:517:17)
    at require (internal/module.js:11:18)
    at Object.<anonymous> (/home/ec2-user/apps/wigwamer/node_modules/bson/ext/index.js:15:10)
    at Module._compile (module.js:573:30)
    at Object.Module._extensions..js (module.js:584:10)
    at Module.load (module.js:507:32)
    at tryModuleLoad (module.js:470:12)
    at Function.Module._load (module.js:462:3) code: 'MODULE_NOT_FOUND' }
js-bson: Failed to load c++ bson extension, using pure JS version
Magic happens on port 8080
[32m[nodemon] restarting due to changes...[39m
[32m[nodemon] starting `node server.js`[39m
{ Error: Cannot find module '../build/Release/bson'
    at Function.Module._resolveFilename (module.js:489:15)
    at Function.Module._load (module.js:439:25)
    at Module.require (module.js:517:17)
    at require (internal/module.js:11:18)
    at Object.<anonymous> (/home/ec2-user/apps/wigwamer/node_modules/bson/ext/index.js:15:10)
    at Module._compile (module.js:573:30)
    at Object.Module._extensions..js (module.js:584:10)
    at Module.load (module.js:507:32)
    at tryModuleLoad (module.js:470:12)
    at Function.Module._load (module.js:462:3) code: 'MODULE_NOT_FOUND' }
js-bson: Failed to load c++ bson extension, using pure JS version
Magic happens on port 8080
[32m[nodemon] restarting due to changes...[39m
[32m[nodemon] starting `node server.js`[39m
{ Error: Cannot find module '../build/Release/bson'
    at Function.Module._resolveFilename (module.js:489:15)
    at Function.Module._load (module.js:439:25)
    at Module.require (module.js:517:17)
    at require (internal/module.js:11:18)
    at Object.<anonymous> (/home/ec2-user/apps/wigwamer/node_modules/bson/ext/index.js:15:10)
    at Module._compile (module.js:573:30)
    at Object.Module._extensions..js (module.js:584:10)
    at Module.load (module.js:507:32)
    at tryModuleLoad (module.js:470:12)
    at Function.Module._load (module.js:462:3) code: 'MODULE_NOT_FOUND' }
js-bson: Failed to load c++ bson extension, using pure JS version
Magic happens on port 8080
[32m[nodemon] restarting due to changes...[39m
[32m[nodemon] starting `node server.js`[39m
{ Error: Cannot find module '../build/Release/bson'
    at Function.Module._resolveFilename (module.js:489:15)
    at Function.Module._load (module.js:439:25)
    at Module.require (module.js:517:17)
    at require (internal/module.js:11:18)
    at Object.<anonymous> (/home/ec2-user/apps/wigwamer/node_modules/bson/ext/index.js:15:10)
    at Module._compile (module.js:573:30)
    at Object.Module._extensions..js (module.js:584:10)
    at Module.load (module.js:507:32)
    at tryModuleLoad (module.js:470:12)
    at Function.Module._load (module.js:462:3) code: 'MODULE_NOT_FOUND' }
js-bson: Failed to load c++ bson extension, using pure JS version
Magic happens on port 8080
[32m[nodemon] restarting due to changes...[39m
[32m[nodemon] starting `node server.js`[39m
{ Error: Cannot find module '../build/Release/bson'
    at Function.Module._resolveFilename (module.js:489:15)
    at Function.Module._load (module.js:439:25)
    at Module.require (module.js:517:17)
    at require (internal/module.js:11:18)
    at Object.<anonymous> (/home/ec2-user/apps/wigwamer/node_modules/bson/ext/index.js:15:10)
    at Module._compile (module.js:573:30)
    at Object.Module._extensions..js (module.js:584:10)
    at Module.load (module.js:507:32)
    at tryModuleLoad (module.js:470:12)
    at Function.Module._load (module.js:462:3) code: 'MODULE_NOT_FOUND' }
js-bson: Failed to load c++ bson extension, using pure JS version
Magic happens on port 8080
[32m[nodemon] restarting due to changes...[39m
[32m[nodemon] starting `node server.js`[39m
{ Error: Cannot find module '../build/Release/bson'
    at Function.Module._resolveFilename (module.js:489:15)
    at Function.Module._load (module.js:439:25)
    at Module.require (module.js:517:17)
    at require (internal/module.js:11:18)
    at Object.<anonymous> (/home/ec2-user/apps/wigwamer/node_modules/bson/ext/index.js:15:10)
    at Module._compile (module.js:573:30)
    at Object.Module._extensions..js (module.js:584:10)
    at Module.load (module.js:507:32)
    at tryModuleLoad (module.js:470:12)
    at Function.Module._load (module.js:462:3) code: 'MODULE_NOT_FOUND' }
js-bson: Failed to load c++ bson extension, using pure JS version
Magic happens on port 8080
[32m[nodemon] restarting due to changes...[39m
[32m[nodemon] starting `node server.js`[39m
{ Error: Cannot find module '../build/Release/bson'
    at Function.Module._resolveFilename (module.js:489:15)
    at Function.Module._load (module.js:439:25)
    at Module.require (module.js:517:17)
    at require (internal/module.js:11:18)
    at Object.<anonymous> (/home/ec2-user/apps/wigwamer/node_modules/bson/ext/index.js:15:10)
    at Module._compile (module.js:573:30)
    at Object.Module._extensions..js (module.js:584:10)
    at Module.load (module.js:507:32)
    at tryModuleLoad (module.js:470:12)
    at Function.Module._load (module.js:462:3) code: 'MODULE_NOT_FOUND' }
js-bson: Failed to load c++ bson extension, using pure JS version
Magic happens on port 8080
[32m[nodemon] restarting due to changes...[39m
[32m[nodemon] starting `node server.js`[39m
{ Error: Cannot find module '../build/Release/bson'
    at Function.Module._resolveFilename (module.js:489:15)
    at Function.Module._load (module.js:439:25)
    at Module.require (module.js:517:17)
    at require (internal/module.js:11:18)
    at Object.<anonymous> (/home/ec2-user/apps/wigwamer/node_modules/bson/ext/index.js:15:10)
    at Module._compile (module.js:573:30)
    at Object.Module._extensions..js (module.js:584:10)
    at Module.load (module.js:507:32)
    at tryModuleLoad (module.js:470:12)
    at Function.Module._load (module.js:462:3) code: 'MODULE_NOT_FOUND' }
js-bson: Failed to load c++ bson extension, using pure JS version
Magic happens on port 8080
[32m[nodemon] restarting due to changes...[39m
[32m[nodemon] starting `node server.js`[39m
{ Error: Cannot find module '../build/Release/bson'
    at Function.Module._resolveFilename (module.js:489:15)
    at Function.Module._load (module.js:439:25)
    at Module.require (module.js:517:17)
    at require (internal/module.js:11:18)
    at Object.<anonymous> (/home/ec2-user/apps/wigwamer/node_modules/bson/ext/index.js:15:10)
    at Module._compile (module.js:573:30)
    at Object.Module._extensions..js (module.js:584:10)
    at Module.load (module.js:507:32)
    at tryModuleLoad (module.js:470:12)
    at Function.Module._load (module.js:462:3) code: 'MODULE_NOT_FOUND' }
js-bson: Failed to load c++ bson extension, using pure JS version
Magic happens on port 8080
[32m[nodemon] restarting due to changes...[39m
[32m[nodemon] starting `node server.js`[39m
{ Error: Cannot find module '../build/Release/bson'
    at Function.Module._resolveFilename (module.js:489:15)
    at Function.Module._load (module.js:439:25)
    at Module.require (module.js:517:17)
    at require (internal/module.js:11:18)
    at Object.<anonymous> (/home/ec2-user/apps/wigwamer/node_modules/bson/ext/index.js:15:10)
    at Module._compile (module.js:573:30)
    at Object.Module._extensions..js (module.js:584:10)
    at Module.load (module.js:507:32)
    at tryModuleLoad (module.js:470:12)
    at Function.Module._load (module.js:462:3) code: 'MODULE_NOT_FOUND' }
js-bson: Failed to load c++ bson extension, using pure JS version
Magic happens on port 8080
[32m[nodemon] restarting due to changes...[39m
[32m[nodemon] starting `node server.js`[39m
{ Error: Cannot find module '../build/Release/bson'
    at Function.Module._resolveFilename (module.js:489:15)
    at Function.Module._load (module.js:439:25)
    at Module.require (module.js:517:17)
    at require (internal/module.js:11:18)
    at Object.<anonymous> (/home/ec2-user/apps/wigwamer/node_modules/bson/ext/index.js:15:10)
    at Module._compile (module.js:573:30)
    at Object.Module._extensions..js (module.js:584:10)
    at Module.load (module.js:507:32)
    at tryModuleLoad (module.js:470:12)
    at Function.Module._load (module.js:462:3) code: 'MODULE_NOT_FOUND' }
js-bson: Failed to load c++ bson extension, using pure JS version
Magic happens on port 8080
[32m[nodemon] restarting due to changes...[39m
[32m[nodemon] starting `node server.js`[39m
{ Error: Cannot find module '../build/Release/bson'
    at Function.Module._resolveFilename (module.js:489:15)
    at Function.Module._load (module.js:439:25)
    at Module.require (module.js:517:17)
    at require (internal/module.js:11:18)
    at Object.<anonymous> (/home/ec2-user/apps/wigwamer/node_modules/bson/ext/index.js:15:10)
    at Module._compile (module.js:573:30)
    at Object.Module._extensions..js (module.js:584:10)
    at Module.load (module.js:507:32)
    at tryModuleLoad (module.js:470:12)
    at Function.Module._load (module.js:462:3) code: 'MODULE_NOT_FOUND' }
js-bson: Failed to load c++ bson extension, using pure JS version
Magic happens on port 8080
[32m[nodemon] restarting due to changes...[39m
[32m[nodemon] starting `node server.js`[39m
{ Error: Cannot find module '../build/Release/bson'
    at Function.Module._resolveFilename (module.js:489:15)
    at Function.Module._load (module.js:439:25)
    at Module.require (module.js:517:17)
    at require (internal/module.js:11:18)
    at Object.<anonymous> (/home/ec2-user/apps/wigwamer/node_modules/bson/ext/index.js:15:10)
    at Module._compile (module.js:573:30)
    at Object.Module._extensions..js (module.js:584:10)
    at Module.load (module.js:507:32)
    at tryModuleLoad (module.js:470:12)
    at Function.Module._load (module.js:462:3) code: 'MODULE_NOT_FOUND' }
js-bson: Failed to load c++ bson extension, using pure JS version
Magic happens on port 8080
[32m[nodemon] restarting due to changes...[39m
[32m[nodemon] starting `node server.js`[39m
{ Error: Cannot find module '../build/Release/bson'
    at Function.Module._resolveFilename (module.js:489:15)
    at Function.Module._load (module.js:439:25)
    at Module.require (module.js:517:17)
    at require (internal/module.js:11:18)
    at Object.<anonymous> (/home/ec2-user/apps/wigwamer/node_modules/bson/ext/index.js:15:10)
    at Module._compile (module.js:573:30)
    at Object.Module._extensions..js (module.js:584:10)
    at Module.load (module.js:507:32)
    at tryModuleLoad (module.js:470:12)
    at Function.Module._load (module.js:462:3) code: 'MODULE_NOT_FOUND' }
js-bson: Failed to load c++ bson extension, using pure JS version
Magic happens on port 8080
[32m[nodemon] restarting due to changes...[39m
[32m[nodemon] starting `node server.js`[39m
{ Error: Cannot find module '../build/Release/bson'
    at Function.Module._resolveFilename (module.js:489:15)
    at Function.Module._load (module.js:439:25)
    at Module.require (module.js:517:17)
    at require (internal/module.js:11:18)
    at Object.<anonymous> (/home/ec2-user/apps/wigwamer/node_modules/bson/ext/index.js:15:10)
    at Module._compile (module.js:573:30)
    at Object.Module._extensions..js (module.js:584:10)
    at Module.load (module.js:507:32)
    at tryModuleLoad (module.js:470:12)
    at Function.Module._load (module.js:462:3) code: 'MODULE_NOT_FOUND' }
js-bson: Failed to load c++ bson extension, using pure JS version
Magic happens on port 8080
[32m[nodemon] restarting due to changes...[39m
[32m[nodemon] starting `node server.js`[39m
{ Error: Cannot find module '../build/Release/bson'
    at Function.Module._resolveFilename (module.js:489:15)
    at Function.Module._load (module.js:439:25)
    at Module.require (module.js:517:17)
    at require (internal/module.js:11:18)
    at Object.<anonymous> (/home/ec2-user/apps/wigwamer/node_modules/bson/ext/index.js:15:10)
    at Module._compile (module.js:573:30)
    at Object.Module._extensions..js (module.js:584:10)
    at Module.load (module.js:507:32)
    at tryModuleLoad (module.js:470:12)
    at Function.Module._load (module.js:462:3) code: 'MODULE_NOT_FOUND' }
js-bson: Failed to load c++ bson extension, using pure JS version
Magic happens on port 8080
[32m[nodemon] restarting due to changes...[39m
[32m[nodemon] starting `node server.js`[39m
{ Error: Cannot find module '../build/Release/bson'
    at Function.Module._resolveFilename (module.js:489:15)
    at Function.Module._load (module.js:439:25)
    at Module.require (module.js:517:17)
    at require (internal/module.js:11:18)
    at Object.<anonymous> (/home/ec2-user/apps/wigwamer/node_modules/bson/ext/index.js:15:10)
    at Module._compile (module.js:573:30)
    at Object.Module._extensions..js (module.js:584:10)
    at Module.load (module.js:507:32)
    at tryModuleLoad (module.js:470:12)
    at Function.Module._load (module.js:462:3) code: 'MODULE_NOT_FOUND' }
js-bson: Failed to load c++ bson extension, using pure JS version
Magic happens on port 8080
[32m[nodemon] restarting due to changes...[39m
[32m[nodemon] starting `node server.js`[39m
{ Error: Cannot find module '../build/Release/bson'
    at Function.Module._resolveFilename (module.js:489:15)
    at Function.Module._load (module.js:439:25)
    at Module.require (module.js:517:17)
    at require (internal/module.js:11:18)
    at Object.<anonymous> (/home/ec2-user/apps/wigwamer/node_modules/bson/ext/index.js:15:10)
    at Module._compile (module.js:573:30)
    at Object.Module._extensions..js (module.js:584:10)
    at Module.load (module.js:507:32)
    at tryModuleLoad (module.js:470:12)
    at Function.Module._load (module.js:462:3) code: 'MODULE_NOT_FOUND' }
js-bson: Failed to load c++ bson extension, using pure JS version
Magic happens on port 8080
[32m[nodemon] restarting due to changes...[39m
[32m[nodemon] starting `node server.js`[39m
{ Error: Cannot find module '../build/Release/bson'
    at Function.Module._resolveFilename (module.js:489:15)
    at Function.Module._load (module.js:439:25)
    at Module.require (module.js:517:17)
    at require (internal/module.js:11:18)
    at Object.<anonymous> (/home/ec2-user/apps/wigwamer/node_modules/bson/ext/index.js:15:10)
    at Module._compile (module.js:573:30)
    at Object.Module._extensions..js (module.js:584:10)
    at Module.load (module.js:507:32)
    at tryModuleLoad (module.js:470:12)
    at Function.Module._load (module.js:462:3) code: 'MODULE_NOT_FOUND' }
js-bson: Failed to load c++ bson extension, using pure JS version
Magic happens on port 8080
[32m[nodemon] restarting due to changes...[39m
[32m[nodemon] starting `node server.js`[39m
{ Error: Cannot find module '../build/Release/bson'
    at Function.Module._resolveFilename (module.js:489:15)
    at Function.Module._load (module.js:439:25)
    at Module.require (module.js:517:17)
    at require (internal/module.js:11:18)
    at Object.<anonymous> (/home/ec2-user/apps/wigwamer/node_modules/bson/ext/index.js:15:10)
    at Module._compile (module.js:573:30)
    at Object.Module._extensions..js (module.js:584:10)
    at Module.load (module.js:507:32)
    at tryModuleLoad (module.js:470:12)
    at Function.Module._load (module.js:462:3) code: 'MODULE_NOT_FOUND' }
js-bson: Failed to load c++ bson extension, using pure JS version
Magic happens on port 8080
[32m[nodemon] restarting due to changes...[39m
[32m[nodemon] starting `node server.js`[39m
{ Error: Cannot find module '../build/Release/bson'
    at Function.Module._resolveFilename (module.js:489:15)
    at Function.Module._load (module.js:439:25)
    at Module.require (module.js:517:17)
    at require (internal/module.js:11:18)
    at Object.<anonymous> (/home/ec2-user/apps/wigwamer/node_modules/bson/ext/index.js:15:10)
    at Module._compile (module.js:573:30)
    at Object.Module._extensions..js (module.js:584:10)
    at Module.load (module.js:507:32)
    at tryModuleLoad (module.js:470:12)
    at Function.Module._load (module.js:462:3) code: 'MODULE_NOT_FOUND' }
js-bson: Failed to load c++ bson extension, using pure JS version
Magic happens on port 8080
[32m[nodemon] restarting due to changes...[39m
[32m[nodemon] starting `node server.js`[39m
{ Error: Cannot find module '../build/Release/bson'
    at Function.Module._resolveFilename (module.js:489:15)
    at Function.Module._load (module.js:439:25)
    at Module.require (module.js:517:17)
    at require (internal/module.js:11:18)
    at Object.<anonymous> (/home/ec2-user/apps/wigwamer/node_modules/bson/ext/index.js:15:10)
    at Module._compile (module.js:573:30)
    at Object.Module._extensions..js (module.js:584:10)
    at Module.load (module.js:507:32)
    at tryModuleLoad (module.js:470:12)
    at Function.Module._load (module.js:462:3) code: 'MODULE_NOT_FOUND' }
js-bson: Failed to load c++ bson extension, using pure JS version
Magic happens on port 8080
[32m[nodemon] restarting due to changes...[39m
[32m[nodemon] starting `node server.js`[39m
{ Error: Cannot find module '../build/Release/bson'
    at Function.Module._resolveFilename (module.js:489:15)
    at Function.Module._load (module.js:439:25)
    at Module.require (module.js:517:17)
    at require (internal/module.js:11:18)
    at Object.<anonymous> (/home/ec2-user/apps/wigwamer/node_modules/bson/ext/index.js:15:10)
    at Module._compile (module.js:573:30)
    at Object.Module._extensions..js (module.js:584:10)
    at Module.load (module.js:507:32)
    at tryModuleLoad (module.js:470:12)
    at Function.Module._load (module.js:462:3) code: 'MODULE_NOT_FOUND' }
js-bson: Failed to load c++ bson extension, using pure JS version
Magic happens on port 8080
[32m[nodemon] restarting due to changes...[39m
[32m[nodemon] starting `node server.js`[39m
{ Error: Cannot find module '../build/Release/bson'
    at Function.Module._resolveFilename (module.js:489:15)
    at Function.Module._load (module.js:439:25)
    at Module.require (module.js:517:17)
    at require (internal/module.js:11:18)
    at Object.<anonymous> (/home/ec2-user/apps/wigwamer/node_modules/bson/ext/index.js:15:10)
    at Module._compile (module.js:573:30)
    at Object.Module._extensions..js (module.js:584:10)
    at Module.load (module.js:507:32)
    at tryModuleLoad (module.js:470:12)
    at Function.Module._load (module.js:462:3) code: 'MODULE_NOT_FOUND' }
js-bson: Failed to load c++ bson extension, using pure JS version
Magic happens on port 8080
[32m[nodemon] restarting due to changes...[39m
[32m[nodemon] starting `node server.js`[39m
{ Error: Cannot find module '../build/Release/bson'
    at Function.Module._resolveFilename (module.js:489:15)
    at Function.Module._load (module.js:439:25)
    at Module.require (module.js:517:17)
    at require (internal/module.js:11:18)
    at Object.<anonymous> (/home/ec2-user/apps/wigwamer/node_modules/bson/ext/index.js:15:10)
    at Module._compile (module.js:573:30)
    at Object.Module._extensions..js (module.js:584:10)
    at Module.load (module.js:507:32)
    at tryModuleLoad (module.js:470:12)
    at Function.Module._load (module.js:462:3) code: 'MODULE_NOT_FOUND' }
js-bson: Failed to load c++ bson extension, using pure JS version
Magic happens on port 8080
[32m[nodemon] restarting due to changes...[39m
[32m[nodemon] starting `node server.js`[39m
{ Error: Cannot find module '../build/Release/bson'
    at Function.Module._resolveFilename (module.js:489:15)
    at Function.Module._load (module.js:439:25)
    at Module.require (module.js:517:17)
    at require (internal/module.js:11:18)
    at Object.<anonymous> (/home/ec2-user/apps/wigwamer/node_modules/bson/ext/index.js:15:10)
    at Module._compile (module.js:573:30)
    at Object.Module._extensions..js (module.js:584:10)
    at Module.load (module.js:507:32)
    at tryModuleLoad (module.js:470:12)
    at Function.Module._load (module.js:462:3) code: 'MODULE_NOT_FOUND' }
js-bson: Failed to load c++ bson extension, using pure JS version
Magic happens on port 8080
[32m[nodemon] restarting due to changes...[39m
[32m[nodemon] starting `node server.js`[39m
{ Error: Cannot find module '../build/Release/bson'
    at Function.Module._resolveFilename (module.js:489:15)
    at Function.Module._load (module.js:439:25)
    at Module.require (module.js:517:17)
    at require (internal/module.js:11:18)
    at Object.<anonymous> (/home/ec2-user/apps/wigwamer/node_modules/bson/ext/index.js:15:10)
    at Module._compile (module.js:573:30)
    at Object.Module._extensions..js (module.js:584:10)
    at Module.load (module.js:507:32)
    at tryModuleLoad (module.js:470:12)
    at Function.Module._load (module.js:462:3) code: 'MODULE_NOT_FOUND' }
js-bson: Failed to load c++ bson extension, using pure JS version
Magic happens on port 8080
[32m[nodemon] restarting due to changes...[39m
[32m[nodemon] starting `node server.js`[39m
{ Error: Cannot find module '../build/Release/bson'
    at Function.Module._resolveFilename (module.js:489:15)
    at Function.Module._load (module.js:439:25)
    at Module.require (module.js:517:17)
    at require (internal/module.js:11:18)
    at Object.<anonymous> (/home/ec2-user/apps/wigwamer/node_modules/bson/ext/index.js:15:10)
    at Module._compile (module.js:573:30)
    at Object.Module._extensions..js (module.js:584:10)
    at Module.load (module.js:507:32)
    at tryModuleLoad (module.js:470:12)
    at Function.Module._load (module.js:462:3) code: 'MODULE_NOT_FOUND' }
js-bson: Failed to load c++ bson extension, using pure JS version
Magic happens on port 8080
[32m[nodemon] restarting due to changes...[39m
[32m[nodemon] starting `node server.js`[39m
{ Error: Cannot find module '../build/Release/bson'
    at Function.Module._resolveFilename (module.js:489:15)
    at Function.Module._load (module.js:439:25)
    at Module.require (module.js:517:17)
    at require (internal/module.js:11:18)
    at Object.<anonymous> (/home/ec2-user/apps/wigwamer/node_modules/bson/ext/index.js:15:10)
    at Module._compile (module.js:573:30)
    at Object.Module._extensions..js (module.js:584:10)
    at Module.load (module.js:507:32)
    at tryModuleLoad (module.js:470:12)
    at Function.Module._load (module.js:462:3) code: 'MODULE_NOT_FOUND' }
js-bson: Failed to load c++ bson extension, using pure JS version
Magic happens on port 8080
[32m[nodemon] restarting due to changes...[39m
[32m[nodemon] starting `node server.js`[39m
{ Error: Cannot find module '../build/Release/bson'
    at Function.Module._resolveFilename (module.js:489:15)
    at Function.Module._load (module.js:439:25)
    at Module.require (module.js:517:17)
    at require (internal/module.js:11:18)
    at Object.<anonymous> (/home/ec2-user/apps/wigwamer/node_modules/bson/ext/index.js:15:10)
    at Module._compile (module.js:573:30)
    at Object.Module._extensions..js (module.js:584:10)
    at Module.load (module.js:507:32)
    at tryModuleLoad (module.js:470:12)
    at Function.Module._load (module.js:462:3) code: 'MODULE_NOT_FOUND' }
js-bson: Failed to load c++ bson extension, using pure JS version
Magic happens on port 8080
[32m[nodemon] restarting due to changes...[39m
[32m[nodemon] starting `node server.js`[39m
{ Error: Cannot find module '../build/Release/bson'
    at Function.Module._resolveFilename (module.js:489:15)
    at Function.Module._load (module.js:439:25)
    at Module.require (module.js:517:17)
    at require (internal/module.js:11:18)
    at Object.<anonymous> (/home/ec2-user/apps/wigwamer/node_modules/bson/ext/index.js:15:10)
    at Module._compile (module.js:573:30)
    at Object.Module._extensions..js (module.js:584:10)
    at Module.load (module.js:507:32)
    at tryModuleLoad (module.js:470:12)
    at Function.Module._load (module.js:462:3) code: 'MODULE_NOT_FOUND' }
js-bson: Failed to load c++ bson extension, using pure JS version
Magic happens on port 8080
[32m[nodemon] restarting due to changes...[39m
[32m[nodemon] starting `node server.js`[39m
{ Error: Cannot find module '../build/Release/bson'
    at Function.Module._resolveFilename (module.js:489:15)
    at Function.Module._load (module.js:439:25)
    at Module.require (module.js:517:17)
    at require (internal/module.js:11:18)
    at Object.<anonymous> (/home/ec2-user/apps/wigwamer/node_modules/bson/ext/index.js:15:10)
    at Module._compile (module.js:573:30)
    at Object.Module._extensions..js (module.js:584:10)
    at Module.load (module.js:507:32)
    at tryModuleLoad (module.js:470:12)
    at Function.Module._load (module.js:462:3) code: 'MODULE_NOT_FOUND' }
js-bson: Failed to load c++ bson extension, using pure JS version
Magic happens on port 8080
[32m[nodemon] restarting due to changes...[39m
[32m[nodemon] starting `node server.js`[39m
{ Error: Cannot find module '../build/Release/bson'
    at Function.Module._resolveFilename (module.js:489:15)
    at Function.Module._load (module.js:439:25)
    at Module.require (module.js:517:17)
    at require (internal/module.js:11:18)
    at Object.<anonymous> (/home/ec2-user/apps/wigwamer/node_modules/bson/ext/index.js:15:10)
    at Module._compile (module.js:573:30)
    at Object.Module._extensions..js (module.js:584:10)
    at Module.load (module.js:507:32)
    at tryModuleLoad (module.js:470:12)
    at Function.Module._load (module.js:462:3) code: 'MODULE_NOT_FOUND' }
js-bson: Failed to load c++ bson extension, using pure JS version
Magic happens on port 8080
[32m[nodemon] restarting due to changes...[39m
[32m[nodemon] starting `node server.js`[39m
{ Error: Cannot find module '../build/Release/bson'
    at Function.Module._resolveFilename (module.js:489:15)
    at Function.Module._load (module.js:439:25)
    at Module.require (module.js:517:17)
    at require (internal/module.js:11:18)
    at Object.<anonymous> (/home/ec2-user/apps/wigwamer/node_modules/bson/ext/index.js:15:10)
    at Module._compile (module.js:573:30)
    at Object.Module._extensions..js (module.js:584:10)
    at Module.load (module.js:507:32)
    at tryModuleLoad (module.js:470:12)
    at Function.Module._load (module.js:462:3) code: 'MODULE_NOT_FOUND' }
js-bson: Failed to load c++ bson extension, using pure JS version
Magic happens on port 8080
[32m[nodemon] restarting due to changes...[39m
[32m[nodemon] starting `node server.js`[39m
{ Error: Cannot find module '../build/Release/bson'
    at Function.Module._resolveFilename (module.js:489:15)
    at Function.Module._load (module.js:439:25)
    at Module.require (module.js:517:17)
    at require (internal/module.js:11:18)
    at Object.<anonymous> (/home/ec2-user/apps/wigwamer/node_modules/bson/ext/index.js:15:10)
    at Module._compile (module.js:573:30)
    at Object.Module._extensions..js (module.js:584:10)
    at Module.load (module.js:507:32)
    at tryModuleLoad (module.js:470:12)
    at Function.Module._load (module.js:462:3) code: 'MODULE_NOT_FOUND' }
js-bson: Failed to load c++ bson extension, using pure JS version
Magic happens on port 8080
[32m[nodemon] restarting due to changes...[39m
[32m[nodemon] starting `node server.js`[39m
{ Error: Cannot find module '../build/Release/bson'
    at Function.Module._resolveFilename (module.js:489:15)
    at Function.Module._load (module.js:439:25)
    at Module.require (module.js:517:17)
    at require (internal/module.js:11:18)
    at Object.<anonymous> (/home/ec2-user/apps/wigwamer/node_modules/bson/ext/index.js:15:10)
    at Module._compile (module.js:573:30)
    at Object.Module._extensions..js (module.js:584:10)
    at Module.load (module.js:507:32)
    at tryModuleLoad (module.js:470:12)
    at Function.Module._load (module.js:462:3) code: 'MODULE_NOT_FOUND' }
js-bson: Failed to load c++ bson extension, using pure JS version
Magic happens on port 8080
[32m[nodemon] restarting due to changes...[39m
[32m[nodemon] starting `node server.js`[39m
{ Error: Cannot find module '../build/Release/bson'
    at Function.Module._resolveFilename (module.js:489:15)
    at Function.Module._load (module.js:439:25)
    at Module.require (module.js:517:17)
    at require (internal/module.js:11:18)
    at Object.<anonymous> (/home/ec2-user/apps/wigwamer/node_modules/bson/ext/index.js:15:10)
    at Module._compile (module.js:573:30)
    at Object.Module._extensions..js (module.js:584:10)
    at Module.load (module.js:507:32)
    at tryModuleLoad (module.js:470:12)
    at Function.Module._load (module.js:462:3) code: 'MODULE_NOT_FOUND' }
js-bson: Failed to load c++ bson extension, using pure JS version
Magic happens on port 8080
[32m[nodemon] restarting due to changes...[39m
[32m[nodemon] starting `node server.js`[39m
{ Error: Cannot find module '../build/Release/bson'
    at Function.Module._resolveFilename (module.js:489:15)
    at Function.Module._load (module.js:439:25)
    at Module.require (module.js:517:17)
    at require (internal/module.js:11:18)
    at Object.<anonymous> (/home/ec2-user/apps/wigwamer/node_modules/bson/ext/index.js:15:10)
    at Module._compile (module.js:573:30)
    at Object.Module._extensions..js (module.js:584:10)
    at Module.load (module.js:507:32)
    at tryModuleLoad (module.js:470:12)
    at Function.Module._load (module.js:462:3) code: 'MODULE_NOT_FOUND' }
js-bson: Failed to load c++ bson extension, using pure JS version
Magic happens on port 8080
[32m[nodemon] restarting due to changes...[39m
[32m[nodemon] starting `node server.js`[39m
{ Error: Cannot find module '../build/Release/bson'
    at Function.Module._resolveFilename (module.js:489:15)
    at Function.Module._load (module.js:439:25)
    at Module.require (module.js:517:17)
    at require (internal/module.js:11:18)
    at Object.<anonymous> (/home/ec2-user/apps/wigwamer/node_modules/bson/ext/index.js:15:10)
    at Module._compile (module.js:573:30)
    at Object.Module._extensions..js (module.js:584:10)
    at Module.load (module.js:507:32)
    at tryModuleLoad (module.js:470:12)
    at Function.Module._load (module.js:462:3) code: 'MODULE_NOT_FOUND' }
js-bson: Failed to load c++ bson extension, using pure JS version
Magic happens on port 8080
[32m[nodemon] restarting due to changes...[39m
[32m[nodemon] starting `node server.js`[39m
{ Error: Cannot find module '../build/Release/bson'
    at Function.Module._resolveFilename (module.js:489:15)
    at Function.Module._load (module.js:439:25)
    at Module.require (module.js:517:17)
    at require (internal/module.js:11:18)
    at Object.<anonymous> (/home/ec2-user/apps/wigwamer/node_modules/bson/ext/index.js:15:10)
    at Module._compile (module.js:573:30)
    at Object.Module._extensions..js (module.js:584:10)
    at Module.load (module.js:507:32)
    at tryModuleLoad (module.js:470:12)
    at Function.Module._load (module.js:462:3) code: 'MODULE_NOT_FOUND' }
js-bson: Failed to load c++ bson extension, using pure JS version
Magic happens on port 8080
[32m[nodemon] restarting due to changes...[39m
[32m[nodemon] starting `node server.js`[39m
{ Error: Cannot find module '../build/Release/bson'
    at Function.Module._resolveFilename (module.js:489:15)
    at Function.Module._load (module.js:439:25)
    at Module.require (module.js:517:17)
    at require (internal/module.js:11:18)
    at Object.<anonymous> (/home/ec2-user/apps/wigwamer/node_modules/bson/ext/index.js:15:10)
    at Module._compile (module.js:573:30)
    at Object.Module._extensions..js (module.js:584:10)
    at Module.load (module.js:507:32)
    at tryModuleLoad (module.js:470:12)
    at Function.Module._load (module.js:462:3) code: 'MODULE_NOT_FOUND' }
js-bson: Failed to load c++ bson extension, using pure JS version
Magic happens on port 8080
[32m[nodemon] restarting due to changes...[39m
[32m[nodemon] starting `node server.js`[39m
{ Error: Cannot find module '../build/Release/bson'
    at Function.Module._resolveFilename (module.js:489:15)
    at Function.Module._load (module.js:439:25)
    at Module.require (module.js:517:17)
    at require (internal/module.js:11:18)
    at Object.<anonymous> (/home/ec2-user/apps/wigwamer/node_modules/bson/ext/index.js:15:10)
    at Module._compile (module.js:573:30)
    at Object.Module._extensions..js (module.js:584:10)
    at Module.load (module.js:507:32)
    at tryModuleLoad (module.js:470:12)
    at Function.Module._load (module.js:462:3) code: 'MODULE_NOT_FOUND' }
js-bson: Failed to load c++ bson extension, using pure JS version
Magic happens on port 8080
[32m[nodemon] restarting due to changes...[39m
[32m[nodemon] starting `node server.js`[39m
{ Error: Cannot find module '../build/Release/bson'
    at Function.Module._resolveFilename (module.js:489:15)
    at Function.Module._load (module.js:439:25)
    at Module.require (module.js:517:17)
    at require (internal/module.js:11:18)
    at Object.<anonymous> (/home/ec2-user/apps/wigwamer/node_modules/bson/ext/index.js:15:10)
    at Module._compile (module.js:573:30)
    at Object.Module._extensions..js (module.js:584:10)
    at Module.load (module.js:507:32)
    at tryModuleLoad (module.js:470:12)
    at Function.Module._load (module.js:462:3) code: 'MODULE_NOT_FOUND' }
js-bson: Failed to load c++ bson extension, using pure JS version
Magic happens on port 8080
[32m[nodemon] restarting due to changes...[39m
[32m[nodemon] starting `node server.js`[39m
{ Error: Cannot find module '../build/Release/bson'
    at Function.Module._resolveFilename (module.js:489:15)
    at Function.Module._load (module.js:439:25)
    at Module.require (module.js:517:17)
    at require (internal/module.js:11:18)
    at Object.<anonymous> (/home/ec2-user/apps/wigwamer/node_modules/bson/ext/index.js:15:10)
    at Module._compile (module.js:573:30)
    at Object.Module._extensions..js (module.js:584:10)
    at Module.load (module.js:507:32)
    at tryModuleLoad (module.js:470:12)
    at Function.Module._load (module.js:462:3) code: 'MODULE_NOT_FOUND' }
js-bson: Failed to load c++ bson extension, using pure JS version
Magic happens on port 8080
[32m[nodemon] restarting due to changes...[39m
[32m[nodemon] starting `node server.js`[39m
{ Error: Cannot find module '../build/Release/bson'
    at Function.Module._resolveFilename (module.js:489:15)
    at Function.Module._load (module.js:439:25)
    at Module.require (module.js:517:17)
    at require (internal/module.js:11:18)
    at Object.<anonymous> (/home/ec2-user/apps/wigwamer/node_modules/bson/ext/index.js:15:10)
    at Module._compile (module.js:573:30)
    at Object.Module._extensions..js (module.js:584:10)
    at Module.load (module.js:507:32)
    at tryModuleLoad (module.js:470:12)
    at Function.Module._load (module.js:462:3) code: 'MODULE_NOT_FOUND' }
js-bson: Failed to load c++ bson extension, using pure JS version
Magic happens on port 8080
[32m[nodemon] restarting due to changes...[39m
[32m[nodemon] starting `node server.js`[39m
{ Error: Cannot find module '../build/Release/bson'
    at Function.Module._resolveFilename (module.js:489:15)
    at Function.Module._load (module.js:439:25)
    at Module.require (module.js:517:17)
    at require (internal/module.js:11:18)
    at Object.<anonymous> (/home/ec2-user/apps/wigwamer/node_modules/bson/ext/index.js:15:10)
    at Module._compile (module.js:573:30)
    at Object.Module._extensions..js (module.js:584:10)
    at Module.load (module.js:507:32)
    at tryModuleLoad (module.js:470:12)
    at Function.Module._load (module.js:462:3) code: 'MODULE_NOT_FOUND' }
js-bson: Failed to load c++ bson extension, using pure JS version
Magic happens on port 8080
